

Processing Rails::InfoController#properties (for 127.0.0.1 at 2010-03-16 14:04:03) [GET]
  [4;36;1mSQL (0.7ms)[0m   [0;1m SELECT name
 FROM sqlite_master
 WHERE type = 'table' AND NOT name = 'sqlite_sequence'
[0m
Completed in 137ms (View: 21, DB: 1) | 200 OK [http://localhost/rails/info/properties]
  [4;36;1mSQL (0.4ms)[0m   [0;1m SELECT name
 FROM sqlite_master
 WHERE type = 'table' AND NOT name = 'sqlite_sequence'
[0m
  [4;35;1mSQL (0.3ms)[0m   [0mselect sqlite_version(*)[0m
  [4;36;1mSQL (4.2ms)[0m   [0;1mCREATE TABLE "schema_migrations" ("version" varchar(255) NOT NULL) [0m
  [4;35;1mSQL (5.8ms)[0m   [0mCREATE UNIQUE INDEX "unique_schema_migrations" ON "schema_migrations" ("version")[0m
  [4;36;1mSQL (0.2ms)[0m   [0;1m SELECT name
 FROM sqlite_master
 WHERE type = 'table' AND NOT name = 'sqlite_sequence'
[0m
  [4;35;1mSQL (0.1ms)[0m   [0mSELECT version FROM schema_migrations[0m
Migrating to CreateProjects (1)
  [4;36;1mSQL (0.5ms)[0m   [0;1mCREATE TABLE "projects" ("id" INTEGER PRIMARY KEY AUTOINCREMENT NOT NULL, "name" varchar(255), "description" text, "repository_url" varchar(255), "created_at" datetime, "updated_at" datetime) [0m
  [4;35;1mSQL (0.2ms)[0m   [0mINSERT INTO schema_migrations (version) VALUES ('1')[0m
  [4;36;1mSQL (0.4ms)[0m   [0;1m SELECT name
 FROM sqlite_master
 WHERE type = 'table' AND NOT name = 'sqlite_sequence'
[0m
  [4;35;1mSQL (0.2ms)[0m   [0mSELECT version FROM schema_migrations[0m
  [4;36;1mSQL (0.3ms)[0m   [0;1m SELECT name
 FROM sqlite_master
 WHERE type = 'table' AND NOT name = 'sqlite_sequence'
[0m
  [4;35;1mSQL (0.1ms)[0m   [0mPRAGMA index_list("projects")[0m
  [4;36;1mSQL (0.7ms)[0m   [0;1m SELECT name
 FROM sqlite_master
 WHERE type = 'table' AND NOT name = 'sqlite_sequence'
[0m
  [4;35;1mSQL (0.2ms)[0m   [0mSELECT version FROM schema_migrations[0m
  [4;36;1mSQL (0.2ms)[0m   [0;1mselect sqlite_version(*)[0m
  [4;35;1mSQL (0.2ms)[0m   [0m SELECT name
 FROM sqlite_master
 WHERE type = 'table' AND NOT name = 'sqlite_sequence'
[0m
  [4;36;1mSQL (3.6ms)[0m   [0;1mCREATE TABLE "projects" ("id" INTEGER PRIMARY KEY AUTOINCREMENT NOT NULL, "name" varchar(255), "description" text, "repository_url" varchar(255), "created_at" datetime, "updated_at" datetime) [0m
  [4;35;1mSQL (0.3ms)[0m   [0m SELECT name
 FROM sqlite_master
 WHERE type = 'table' AND NOT name = 'sqlite_sequence'
[0m
  [4;36;1mSQL (9.6ms)[0m   [0;1mCREATE TABLE "schema_migrations" ("version" varchar(255) NOT NULL) [0m
  [4;35;1mSQL (8.9ms)[0m   [0mCREATE UNIQUE INDEX "unique_schema_migrations" ON "schema_migrations" ("version")[0m
  [4;36;1mSQL (0.3ms)[0m   [0;1m SELECT name
 FROM sqlite_master
 WHERE type = 'table' AND NOT name = 'sqlite_sequence'
[0m
  [4;35;1mSQL (0.1ms)[0m   [0mSELECT version FROM "schema_migrations"[0m
  [4;36;1mSQL (6.4ms)[0m   [0;1mINSERT INTO "schema_migrations" (version) VALUES ('1')[0m
  [4;36;1mProject Create (0.9ms)[0m   [0;1mINSERT INTO "projects" ("name", "created_at", "updated_at", "repository_url", "description") VALUES('value for name', '2010-03-16 18:16:30', '2010-03-16 18:16:30', 'value for repository_url', 'value for description')[0m
  [4;35;1mSQL (0.6ms)[0m   [0m SELECT name
 FROM sqlite_master
 WHERE type = 'table' AND NOT name = 'sqlite_sequence'
[0m
  [4;36;1mProject Load (0.7ms)[0m   [0;1mSELECT * FROM "projects" WHERE ("projects"."id" = 1) [0m
  [4;35;1mProject Load (0.7ms)[0m   [0mSELECT * FROM "projects" WHERE ("projects"."name" = 'value for name') LIMIT 1[0m
  [4;36;1mSQL (0.6ms)[0m   [0;1m SELECT name
 FROM sqlite_master
 WHERE type = 'table' AND NOT name = 'sqlite_sequence'
[0m
  [4;35;1mSQL (0.6ms)[0m   [0m SELECT name
 FROM sqlite_master
 WHERE type = 'table' AND NOT name = 'sqlite_sequence'
[0m


Processing ProjectController#new (for 127.0.0.1 at 2010-03-19 10:41:18) [GET]

ActionController::UnknownAction (No action responded to new. Actions: ):
  

Rendering rescues/layout (not_found)


Processing ProjectController#new (for 127.0.0.1 at 2010-03-19 10:47:08) [GET]

ActionView::MissingTemplate (Missing template project/bla.erb in view path app/views):
  app/controllers/project_controller.rb:4:in `new'

Rendering rescues/layout (internal_server_error)


Processing ProjectController#new (for 127.0.0.1 at 2010-03-19 10:48:06) [GET]
Completed in 6ms (View: 1, DB: 0) | 200 OK [http://localhost/project/new]


Processing ProjectController#new (for 127.0.0.1 at 2010-03-19 11:13:40) [GET]
Rendering project/new
Completed in 29ms (View: 15, DB: 0) | 200 OK [http://localhost/project/new]


Processing ProjectController#new (for 127.0.0.1 at 2010-03-19 11:21:35) [GET]
Rendering project/new
Completed in 14ms (View: 6, DB: 0) | 200 OK [http://localhost/project/new]


Processing ApplicationController#index (for 127.0.0.1 at 2010-03-19 11:46:01) [GET]

ActionController::RoutingError (No route matches "/project/new" with {:method=>:get}):
  

Rendering rescues/layout (not_found)


Processing ProjectsController#new (for 127.0.0.1 at 2010-03-19 11:46:08) [GET]
Rendering projects/new
Completed in 99ms (View: 85, DB: 0) | 200 OK [http://localhost/projects/new]


Processing ProjectsController#new (for 127.0.0.1 at 2010-03-19 11:48:14) [GET]
Rendering projects/new
Completed in 21ms (View: 8, DB: 0) | 200 OK [http://localhost/projects/new]


Processing ProjectsController#new (for 127.0.0.1 at 2010-03-19 11:51:50) [GET]
Rendering projects/new
Completed in 24ms (View: 11, DB: 0) | 200 OK [http://localhost/projects/new]


Processing ProjectsController#new (for 127.0.0.1 at 2010-03-19 14:11:21) [GET]
Rendering projects/new
Completed in 264ms (View: 228, DB: 0) | 200 OK [http://localhost/projects/new]


Processing ProjectsController#new (for 127.0.0.1 at 2010-03-19 14:29:49) [GET]
Rendering projects/new
Completed in 30ms (View: 17, DB: 0) | 200 OK [http://localhost/projects/new]


Processing ProjectsController#new (for 127.0.0.1 at 2010-03-19 14:31:53) [GET]
Rendering projects/new
Completed in 30ms (View: 17, DB: 0) | 200 OK [http://localhost/projects/new]


Processing ProjectsController#new (for 127.0.0.1 at 2010-03-19 14:37:04) [GET]
Rendering projects/new
Completed in 32ms (View: 19, DB: 0) | 200 OK [http://localhost/projects/new]


Processing ProjectsController#new (for 127.0.0.1 at 2010-03-19 14:37:04) [GET]
Rendering projects/new
Completed in 15ms (View: 6, DB: 0) | 200 OK [http://localhost/projects/new]


Processing ProjectsController#new (for 127.0.0.1 at 2010-03-19 14:37:57) [GET]
Rendering projects/new
Completed in 32ms (View: 19, DB: 0) | 200 OK [http://localhost/projects/new]


Processing ProjectsController#new (for 127.0.0.1 at 2010-03-19 14:43:39) [GET]
Rendering projects/new
Completed in 32ms (View: 19, DB: 0) | 200 OK [http://localhost/projects/new]


Processing ProjectsController#new (for 127.0.0.1 at 2010-03-19 14:47:08) [GET]
Rendering projects/new
Completed in 23ms (View: 13, DB: 0) | 200 OK [http://localhost/projects/new]


Processing ProjectsController#new (for 127.0.0.1 at 2010-03-19 14:48:13) [GET]
Rendering projects/new
Completed in 33ms (View: 20, DB: 0) | 200 OK [http://localhost/projects/new]


Processing ProjectsController#new (for 127.0.0.1 at 2010-03-19 14:51:06) [GET]
Rendering projects/new
Completed in 35ms (View: 21, DB: 0) | 200 OK [http://localhost/projects/new]


Processing ProjectsController#create (for 127.0.0.1 at 2010-03-19 14:51:10) [POST]
  Parameters: {"commit"=>"submit", "authenticity_token"=>"2/UAerZgzQA8O0flqI4WE6o7YFNyu/Vte6hbGwMqCDI=", "project"=>{"name"=>"", "repository_url"=>"", "description"=>""}}

ActionController::UnknownAction (No action responded to create. Actions: new):
  

Rendering rescues/layout (not_found)


Processing ProjectsController#new (for 127.0.0.1 at 2010-03-19 14:51:45) [GET]
Rendering projects/new

ActionView::TemplateError (undefined method `reverse_merge' for "OK":String) on line #13 of app/views/projects/new.html.erb:
10:   <%= form.label :description, "Description" %>
11:   <%= form.text_field :description %>
12: 
13:   <%= form.submit :submit, "OK" %>
14: <% end %>

    app/views/projects/new.html.erb:13
    app/views/projects/new.html.erb:3

Rendered rescues/_trace (64.6ms)
Rendered rescues/_request_and_response (2.1ms)
Rendering rescues/layout (internal_server_error)


Processing ProjectsController#new (for 127.0.0.1 at 2010-03-19 14:52:26) [GET]
Rendering projects/new
Completed in 22ms (View: 13, DB: 0) | 200 OK [http://localhost/projects/new]


Processing ProjectsController#create (for 127.0.0.1 at 2010-03-19 14:52:28) [POST]
  Parameters: {"commit"=>"Create Project", "authenticity_token"=>"2/UAerZgzQA8O0flqI4WE6o7YFNyu/Vte6hbGwMqCDI=", "project"=>{"name"=>"", "repository_url"=>"", "description"=>""}}

ActionController::UnknownAction (No action responded to create. Actions: new):
  

Rendering rescues/layout (not_found)


Processing ProjectsController#create (for 127.0.0.1 at 2010-03-19 14:52:30) [POST]
  Parameters: {"commit"=>"Create Project", "authenticity_token"=>"2/UAerZgzQA8O0flqI4WE6o7YFNyu/Vte6hbGwMqCDI=", "project"=>{"name"=>"", "repository_url"=>"", "description"=>""}}

ActionController::UnknownAction (No action responded to create. Actions: new):
  

Rendering rescues/layout (not_found)


Processing ProjectsController#new (for 127.0.0.1 at 2010-03-19 14:54:23) [GET]
Rendering projects/new
Completed in 25ms (View: 12, DB: 0) | 200 OK [http://localhost/projects/new]
